<?xml version="1.0" encoding="UTF-8"?>
<testsuite xmlns:xsi="http://www.w3.org/2001/XMLSchema-instance" xsi:noNamespaceSchemaLocation="https://maven.apache.org/surefire/maven-surefire-plugin/xsd/surefire-test-report.xsd" version="3.0.2" name="com.example.shop.AllTests" time="0.038" tests="39" errors="0" skipped="0" failures="0">
  <properties>
[...]
</properties>
  <testcase name="getTotalPriceReturnsQuantityTimesUnitPrice" classname="com.example.shop.OrderItemTest" time="0.002"/>
  <testcase name="constructorThrowsWhenQuantityIsZero" classname="com.example.shop.OrderItemTest" time="0.0"/>
  <testcase name="constructorThrowsWhenQuantityIsNegative" classname="com.example.shop.OrderItemTest" time="0.0"/>
  <testcase name="constructorAcceptsZeroUnitPrice" classname="com.example.shop.OrderItemTest" time="0.0"/>
  <testcase name="constructorThrowsWhenUnitPriceIsNegative" classname="com.example.shop.OrderItemTest" time="0.0"/>
  <testcase name="constructorAcceptsValidArguments" classname="com.example.shop.OrderItemTest" time="0.0"/>
  <testcase name="getItemsReturnsAllAddedItems" classname="com.example.shop.OrderTest" time="0.0"/>
  <testcase name="addItemThrowsWhenStatusIsPaid" classname="com.example.shop.OrderTest" time="0.0"/>
  <testcase name="addItemSucceedsWhenStatusIsCreated" classname="com.example.shop.OrderTest" time="0.0"/>
  <testcase name="setStatusUpdatesStatus" classname="com.example.shop.OrderTest" time="0.0"/>
  <testcase name="addItemThrowsWhenStatusIsCancelled" classname="com.example.shop.OrderTest" time="0.0"/>
  <testcase name="newOrderHasCreatedStatus" classname="com.example.shop.OrderTest" time="0.0"/>
  <testcase name="calculateTaxReturnsZeroForZeroSubtotal" classname="com.example.shop.PricingServiceTest" time="0.0"/>
  <testcase name="calculateSubtotalReturnsZeroForEmptyOrder" classname="com.example.shop.PricingServiceTest" time="0.0"/>
  <testcase name="calculateSubtotalSingleItem" classname="com.example.shop.PricingServiceTest" time="0.0"/>
  <testcase name="calculateTaxThrowsForNegativeSubtotal" classname="com.example.shop.PricingServiceTest" time="0.001"/>
  <testcase name="calculateSubtotalSumsAllItems" classname="com.example.shop.PricingServiceTest" time="0.0"/>
  <testcase name="calculateTaxReturnsTwentyPercentForPositiveSubtotal" classname="com.example.shop.PricingServiceTest" time="0.0"/>
  <testcase name="student10IsCaseInsensitive" classname="com.example.shop.DiscountServiceTest" time="0.0"/>
  <testcase name="returnsSubtotalForUnrecognizedCode" classname="com.example.shop.DiscountServiceTest" time="0.0"/>
  <testcase name="returnsSubtotalWhenCodeIsNull" classname="com.example.shop.DiscountServiceTest" time="0.0"/>
  <testcase name="throwsForInvalidDiscountCode" classname="com.example.shop.DiscountServiceTest" time="0.0"/>
  <testcase name="appliesThirtyPercentDiscountForBlackFriday" classname="com.example.shop.DiscountServiceTest" time="0.0"/>
  <testcase name="returnsSubtotalWhenCodeIsBlank" classname="com.example.shop.DiscountServiceTest" time="0.0"/>
  <testcase name="returnsSubtotalWhenCodeIsEmpty" classname="com.example.shop.DiscountServiceTest" time="0.001"/>
  <testcase name="appliesTenPercentDiscountForStudent10" classname="com.example.shop.DiscountServiceTest" time="0.0"/>
  <testcase name="returnsFalseForNullPaymentMethod" classname="com.example.shop.PaymentValidatorTest" time="0.0"/>
  <testcase name="returnsTrueForPaypal" classname="com.example.shop.PaymentValidatorTest" time="0.0"/>
  <testcase name="returnsTrueForCard" classname="com.example.shop.PaymentValidatorTest" time="0.001"/>
  <testcase name="throwsForUnknownPaymentMethod" classname="com.example.shop.PaymentValidatorTest" time="0.0"/>
  <testcase name="isCaseInsensitive" classname="com.example.shop.PaymentValidatorTest" time="0.0"/>
  <testcase name="returnsFalseForCrypto" classname="com.example.shop.PaymentValidatorTest" time="0.0"/>
  <testcase name="processOrderWithEmptyOrderAndValidPayment" classname="com.example.shop.OrderServiceTest" time="0.0"/>
  <testcase name="processOrderAppliesBlackFridayDiscountAndPays" classname="com.example.shop.OrderServiceTest" time="0.001"/>
  <testcase name="processOrderThrowsForInvalidDiscountCode" classname="com.example.shop.OrderServiceTest" time="0.0"/>
  <testcase name="processOrderAppliesStudentDiscountAndPays" classname="com.example.shop.OrderServiceTest" time="0.0"/>
  <testcase name="processOrderCancelsAndReturnsZeroForInvalidPayment" classname="com.example.shop.OrderServiceTest" time="0.0"/>
  <testcase name="processOrderAppliesNoDiscountAndPays" classname="com.example.shop.OrderServiceTest" time="0.0"/>
  <testcase name="processOrderCancelsForNullPaymentMethod" classname="com.example.shop.OrderServiceTest" time="0.0"/>
</testsuite>