<?xml version="1.0" encoding="UTF-8"?>
<testsuite xmlns:xsi="http://www.w3.org/2001/XMLSchema-instance" xsi:noNamespaceSchemaLocation="https://maven.apache.org/surefire/maven-surefire-plugin/xsd/surefire-test-report.xsd" version="3.0.2" name="com.example.shop.PaymentValidatorTest" time="0.0" tests="6" errors="0" skipped="0" failures="0">
  <properties>
[...]
</properties>
  <testcase name="returnsFalseForNullPaymentMethod" classname="com.example.shop.PaymentValidatorTest" time="0.0"/>
  <testcase name="returnsTrueForPaypal" classname="com.example.shop.PaymentValidatorTest" time="0.0"/>
  <testcase name="returnsTrueForCard" classname="com.example.shop.PaymentValidatorTest" time="0.0"/>
  <testcase name="throwsForUnknownPaymentMethod" classname="com.example.shop.PaymentValidatorTest" time="0.0"/>
  <testcase name="isCaseInsensitive" classname="com.example.shop.PaymentValidatorTest" time="0.0"/>
  <testcase name="returnsFalseForCrypto" classname="com.example.shop.PaymentValidatorTest" time="0.0"/>
</testsuite>